
> abm-ecommerce@0.1.0 dev
> next dev

  ▲ Next.js 13.5.6
  - Local:        http://localhost:3002
  - Environments: .env.local

 ✓ Ready in 1123ms
 ⚠ ./node_modules/ws/lib/buffer-util.js
Module not found: Can't resolve 'bufferutil' in '/home/rolando/Documentos/Cursos/codecrypto/Modulo 2/Proyectos/ecommerce-rs/abm-ecommerce/app/node_modules/ws/lib'

Import trace for requested module:
./node_modules/ws/lib/buffer-util.js
./node_modules/ws/lib/websocket.js
./node_modules/ws/wrapper.mjs
./node_modules/ethers/lib.esm/providers/ws.js
./node_modules/ethers/lib.esm/providers/provider-websocket.js
./node_modules/ethers/lib.esm/providers/index.js
./node_modules/ethers/lib.esm/ethers.js
./node_modules/ethers/lib.esm/index.js
./contexts/WalletContext.tsx

./node_modules/ws/lib/validation.js
Module not found: Can't resolve 'utf-8-validate' in '/home/rolando/Documentos/Cursos/codecrypto/Modulo 2/Proyectos/ecommerce-rs/abm-ecommerce/app/node_modules/ws/lib'

Import trace for requested module:
./node_modules/ws/lib/validation.js
./node_modules/ws/lib/receiver.js
./node_modules/ws/wrapper.mjs
./node_modules/ethers/lib.esm/providers/ws.js
./node_modules/ethers/lib.esm/providers/provider-websocket.js
./node_modules/ethers/lib.esm/providers/index.js
./node_modules/ethers/lib.esm/ethers.js
./node_modules/ethers/lib.esm/index.js
./contexts/WalletContext.tsx
 ○ Compiling /page ...
 ⚠ ./node_modules/ws/lib/buffer-util.js
Module not found: Can't resolve 'bufferutil' in '/home/rolando/Documentos/Cursos/codecrypto/Modulo 2/Proyectos/ecommerce-rs/abm-ecommerce/app/node_modules/ws/lib'

Import trace for requested module:
./node_modules/ws/lib/buffer-util.js
./node_modules/ws/lib/websocket.js
./node_modules/ws/wrapper.mjs
./node_modules/ethers/lib.esm/providers/ws.js
./node_modules/ethers/lib.esm/providers/provider-websocket.js
./node_modules/ethers/lib.esm/providers/index.js
./node_modules/ethers/lib.esm/ethers.js
./node_modules/ethers/lib.esm/index.js
./contexts/WalletContext.tsx

./node_modules/ws/lib/validation.js
Module not found: Can't resolve 'utf-8-validate' in '/home/rolando/Documentos/Cursos/codecrypto/Modulo 2/Proyectos/ecommerce-rs/abm-ecommerce/app/node_modules/ws/lib'

Import trace for requested module:
./node_modules/ws/lib/validation.js
./node_modules/ws/lib/receiver.js
./node_modules/ws/wrapper.mjs
./node_modules/ethers/lib.esm/providers/ws.js
./node_modules/ethers/lib.esm/providers/provider-websocket.js
./node_modules/ethers/lib.esm/providers/index.js
./node_modules/ethers/lib.esm/ethers.js
./node_modules/ethers/lib.esm/index.js
./contexts/WalletContext.tsx
 ⚠ ./node_modules/ws/lib/buffer-util.js
Module not found: Can't resolve 'bufferutil' in '/home/rolando/Documentos/Cursos/codecrypto/Modulo 2/Proyectos/ecommerce-rs/abm-ecommerce/app/node_modules/ws/lib'

Import trace for requested module:
./node_modules/ws/lib/buffer-util.js
./node_modules/ws/lib/receiver.js
./node_modules/ws/wrapper.mjs
./node_modules/ethers/lib.esm/providers/ws.js
./node_modules/ethers/lib.esm/providers/provider-websocket.js
./node_modules/ethers/lib.esm/providers/index.js
./node_modules/ethers/lib.esm/ethers.js
./node_modules/ethers/lib.esm/index.js
./contexts/WalletContext.tsx

./node_modules/ws/lib/validation.js
Module not found: Can't resolve 'utf-8-validate' in '/home/rolando/Documentos/Cursos/codecrypto/Modulo 2/Proyectos/ecommerce-rs/abm-ecommerce/app/node_modules/ws/lib'

Import trace for requested module:
./node_modules/ws/lib/validation.js
./node_modules/ws/lib/receiver.js
./node_modules/ws/wrapper.mjs
./node_modules/ethers/lib.esm/providers/ws.js
./node_modules/ethers/lib.esm/providers/provider-websocket.js
./node_modules/ethers/lib.esm/providers/index.js
./node_modules/ethers/lib.esm/ethers.js
./node_modules/ethers/lib.esm/index.js
./contexts/WalletContext.tsx
